<?xml version="1.0" encoding="UTF-8"?>
<testng-results skipped="0" failed="0" total="2" passed="2">
  <reporter-output>
  </reporter-output>
  <suite name="Default suite" duration-ms="85" started-at="2019-05-17T14:02:50Z" finished-at="2019-05-17T14:02:50Z">
    <groups>
    </groups>
    <test name="Default test" duration-ms="85" started-at="2019-05-17T14:02:50Z" finished-at="2019-05-17T14:02:50Z">
      <class name="Final_Assignment.Question2">
        <test-method status="PASS" signature="FailingTest()[pri:1, instance:Final_Assignment.Question2@39fb3ab6]" name="FailingTest" duration-ms="16" started-at="2019-05-17T19:32:50Z" finished-at="2019-05-17T19:32:50Z">
          <reporter-output>
          </reporter-output>
        </test-method> <!-- FailingTest -->
        <test-method status="PASS" signature="PassingTest()[pri:2, instance:Final_Assignment.Question2@39fb3ab6]" name="PassingTest" duration-ms="3" started-at="2019-05-17T19:32:50Z" finished-at="2019-05-17T19:32:50Z">
          <reporter-output>
          </reporter-output>
        </test-method> <!-- PassingTest -->
      </class> <!-- Final_Assignment.Question2 -->
    </test> <!-- Default test -->
  </suite> <!-- Default suite -->
</testng-results>
